ERROR - 2021-04-10 08:33:10 --> mysqli_sql_exception: Column 'registracni_znacka' cannot be null in C:\xampp\htdocs\autoservis\system\Database\MySQLi\Connection.php:314
Stack trace:
#0 C:\xampp\htdocs\autoservis\system\Database\MySQLi\Connection.php(314): mysqli->query('INSERT INTO `au...')
#1 C:\xampp\htdocs\autoservis\system\Database\BaseConnection.php(713): CodeIgniter\Database\MySQLi\Connection->execute('INSERT INTO `au...')
#2 C:\xampp\htdocs\autoservis\system\Database\BaseConnection.php(641): CodeIgniter\Database\BaseConnection->simpleQuery('INSERT INTO `au...')
#3 C:\xampp\htdocs\autoservis\system\Database\BaseBuilder.php(2263): CodeIgniter\Database\BaseConnection->query('INSERT INTO `au...', Array, false)
#4 C:\xampp\htdocs\autoservis\system\Model.php(278): CodeIgniter\Database\BaseBuilder->insert()
#5 C:\xampp\htdocs\autoservis\system\BaseModel.php(758): CodeIgniter\Model->doInsert(Array)
#6 C:\xampp\htdocs\autoservis\system\Model.php(705): CodeIgniter\BaseModel->insert(Array, true)
#7 C:\xampp\htdocs\autoservis\app\Controllers\HlavniStrana.php(72): CodeIgniter\Model->insert(Array)
#8 C:\xampp\htdocs\autoservis\system\CodeIgniter.php(936): App\Controllers\HlavniStrana->zapis()
#9 C:\xampp\htdocs\autoservis\system\CodeIgniter.php(432): CodeIgniter\CodeIgniter->runController(Object(App\Controllers\HlavniStrana))
#10 C:\xampp\htdocs\autoservis\system\CodeIgniter.php(333): CodeIgniter\CodeIgniter->handleRequest(NULL, Object(Config\Cache), false)
#11 C:\xampp\htdocs\autoservis\public\index.php(44): CodeIgniter\CodeIgniter->run()
#12 {main}
CRITICAL - 2021-04-10 08:33:10 --> Column 'registracni_znacka' cannot be null
#0 C:\xampp\htdocs\autoservis\system\Database\MySQLi\Connection.php(314): mysqli->query('INSERT INTO `au...')
#1 C:\xampp\htdocs\autoservis\system\Database\BaseConnection.php(713): CodeIgniter\Database\MySQLi\Connection->execute('INSERT INTO `au...')
#2 C:\xampp\htdocs\autoservis\system\Database\BaseConnection.php(641): CodeIgniter\Database\BaseConnection->simpleQuery('INSERT INTO `au...')
#3 C:\xampp\htdocs\autoservis\system\Database\BaseBuilder.php(2263): CodeIgniter\Database\BaseConnection->query('INSERT INTO `au...', Array, false)
#4 C:\xampp\htdocs\autoservis\system\Model.php(278): CodeIgniter\Database\BaseBuilder->insert()
#5 C:\xampp\htdocs\autoservis\system\BaseModel.php(758): CodeIgniter\Model->doInsert(Array)
#6 C:\xampp\htdocs\autoservis\system\Model.php(705): CodeIgniter\BaseModel->insert(Array, true)
#7 C:\xampp\htdocs\autoservis\app\Controllers\HlavniStrana.php(72): CodeIgniter\Model->insert(Array)
#8 C:\xampp\htdocs\autoservis\system\CodeIgniter.php(936): App\Controllers\HlavniStrana->zapis()
#9 C:\xampp\htdocs\autoservis\system\CodeIgniter.php(432): CodeIgniter\CodeIgniter->runController(Object(App\Controllers\HlavniStrana))
#10 C:\xampp\htdocs\autoservis\system\CodeIgniter.php(333): CodeIgniter\CodeIgniter->handleRequest(NULL, Object(Config\Cache), false)
#11 C:\xampp\htdocs\autoservis\public\index.php(44): CodeIgniter\CodeIgniter->run()
#12 {main}
ERROR - 2021-04-10 08:37:47 --> mysqli_sql_exception: Column 'registracni_znacka' cannot be null in C:\xampp\htdocs\autoservis\system\Database\MySQLi\Connection.php:314
Stack trace:
#0 C:\xampp\htdocs\autoservis\system\Database\MySQLi\Connection.php(314): mysqli->query('INSERT INTO `au...')
#1 C:\xampp\htdocs\autoservis\system\Database\BaseConnection.php(713): CodeIgniter\Database\MySQLi\Connection->execute('INSERT INTO `au...')
#2 C:\xampp\htdocs\autoservis\system\Database\BaseConnection.php(641): CodeIgniter\Database\BaseConnection->simpleQuery('INSERT INTO `au...')
#3 C:\xampp\htdocs\autoservis\system\Database\BaseBuilder.php(2263): CodeIgniter\Database\BaseConnection->query('INSERT INTO `au...', Array, false)
#4 C:\xampp\htdocs\autoservis\system\Model.php(278): CodeIgniter\Database\BaseBuilder->insert()
#5 C:\xampp\htdocs\autoservis\system\BaseModel.php(758): CodeIgniter\Model->doInsert(Array)
#6 C:\xampp\htdocs\autoservis\system\Model.php(705): CodeIgniter\BaseModel->insert(Array, true)
#7 C:\xampp\htdocs\autoservis\app\Controllers\HlavniStrana.php(72): CodeIgniter\Model->insert(Array)
#8 C:\xampp\htdocs\autoservis\system\CodeIgniter.php(936): App\Controllers\HlavniStrana->zapis()
#9 C:\xampp\htdocs\autoservis\system\CodeIgniter.php(432): CodeIgniter\CodeIgniter->runController(Object(App\Controllers\HlavniStrana))
#10 C:\xampp\htdocs\autoservis\system\CodeIgniter.php(333): CodeIgniter\CodeIgniter->handleRequest(NULL, Object(Config\Cache), false)
#11 C:\xampp\htdocs\autoservis\public\index.php(44): CodeIgniter\CodeIgniter->run()
#12 {main}
CRITICAL - 2021-04-10 08:37:47 --> Column 'registracni_znacka' cannot be null
#0 C:\xampp\htdocs\autoservis\system\Database\MySQLi\Connection.php(314): mysqli->query('INSERT INTO `au...')
#1 C:\xampp\htdocs\autoservis\system\Database\BaseConnection.php(713): CodeIgniter\Database\MySQLi\Connection->execute('INSERT INTO `au...')
#2 C:\xampp\htdocs\autoservis\system\Database\BaseConnection.php(641): CodeIgniter\Database\BaseConnection->simpleQuery('INSERT INTO `au...')
#3 C:\xampp\htdocs\autoservis\system\Database\BaseBuilder.php(2263): CodeIgniter\Database\BaseConnection->query('INSERT INTO `au...', Array, false)
#4 C:\xampp\htdocs\autoservis\system\Model.php(278): CodeIgniter\Database\BaseBuilder->insert()
#5 C:\xampp\htdocs\autoservis\system\BaseModel.php(758): CodeIgniter\Model->doInsert(Array)
#6 C:\xampp\htdocs\autoservis\system\Model.php(705): CodeIgniter\BaseModel->insert(Array, true)
#7 C:\xampp\htdocs\autoservis\app\Controllers\HlavniStrana.php(72): CodeIgniter\Model->insert(Array)
#8 C:\xampp\htdocs\autoservis\system\CodeIgniter.php(936): App\Controllers\HlavniStrana->zapis()
#9 C:\xampp\htdocs\autoservis\system\CodeIgniter.php(432): CodeIgniter\CodeIgniter->runController(Object(App\Controllers\HlavniStrana))
#10 C:\xampp\htdocs\autoservis\system\CodeIgniter.php(333): CodeIgniter\CodeIgniter->handleRequest(NULL, Object(Config\Cache), false)
#11 C:\xampp\htdocs\autoservis\public\index.php(44): CodeIgniter\CodeIgniter->run()
#12 {main}
ERROR - 2021-04-10 08:37:54 --> mysqli_sql_exception: Column 'registracni_znacka' cannot be null in C:\xampp\htdocs\autoservis\system\Database\MySQLi\Connection.php:314
Stack trace:
#0 C:\xampp\htdocs\autoservis\system\Database\MySQLi\Connection.php(314): mysqli->query('INSERT INTO `au...')
#1 C:\xampp\htdocs\autoservis\system\Database\BaseConnection.php(713): CodeIgniter\Database\MySQLi\Connection->execute('INSERT INTO `au...')
#2 C:\xampp\htdocs\autoservis\system\Database\BaseConnection.php(641): CodeIgniter\Database\BaseConnection->simpleQuery('INSERT INTO `au...')
#3 C:\xampp\htdocs\autoservis\system\Database\BaseBuilder.php(2263): CodeIgniter\Database\BaseConnection->query('INSERT INTO `au...', Array, false)
#4 C:\xampp\htdocs\autoservis\system\Model.php(278): CodeIgniter\Database\BaseBuilder->insert()
#5 C:\xampp\htdocs\autoservis\system\BaseModel.php(758): CodeIgniter\Model->doInsert(Array)
#6 C:\xampp\htdocs\autoservis\system\Model.php(705): CodeIgniter\BaseModel->insert(Array, true)
#7 C:\xampp\htdocs\autoservis\app\Controllers\HlavniStrana.php(72): CodeIgniter\Model->insert(Array)
#8 C:\xampp\htdocs\autoservis\system\CodeIgniter.php(936): App\Controllers\HlavniStrana->zapis()
#9 C:\xampp\htdocs\autoservis\system\CodeIgniter.php(432): CodeIgniter\CodeIgniter->runController(Object(App\Controllers\HlavniStrana))
#10 C:\xampp\htdocs\autoservis\system\CodeIgniter.php(333): CodeIgniter\CodeIgniter->handleRequest(NULL, Object(Config\Cache), false)
#11 C:\xampp\htdocs\autoservis\public\index.php(44): CodeIgniter\CodeIgniter->run()
#12 {main}
CRITICAL - 2021-04-10 08:37:54 --> Column 'registracni_znacka' cannot be null
#0 C:\xampp\htdocs\autoservis\system\Database\MySQLi\Connection.php(314): mysqli->query('INSERT INTO `au...')
#1 C:\xampp\htdocs\autoservis\system\Database\BaseConnection.php(713): CodeIgniter\Database\MySQLi\Connection->execute('INSERT INTO `au...')
#2 C:\xampp\htdocs\autoservis\system\Database\BaseConnection.php(641): CodeIgniter\Database\BaseConnection->simpleQuery('INSERT INTO `au...')
#3 C:\xampp\htdocs\autoservis\system\Database\BaseBuilder.php(2263): CodeIgniter\Database\BaseConnection->query('INSERT INTO `au...', Array, false)
#4 C:\xampp\htdocs\autoservis\system\Model.php(278): CodeIgniter\Database\BaseBuilder->insert()
#5 C:\xampp\htdocs\autoservis\system\BaseModel.php(758): CodeIgniter\Model->doInsert(Array)
#6 C:\xampp\htdocs\autoservis\system\Model.php(705): CodeIgniter\BaseModel->insert(Array, true)
#7 C:\xampp\htdocs\autoservis\app\Controllers\HlavniStrana.php(72): CodeIgniter\Model->insert(Array)
#8 C:\xampp\htdocs\autoservis\system\CodeIgniter.php(936): App\Controllers\HlavniStrana->zapis()
#9 C:\xampp\htdocs\autoservis\system\CodeIgniter.php(432): CodeIgniter\CodeIgniter->runController(Object(App\Controllers\HlavniStrana))
#10 C:\xampp\htdocs\autoservis\system\CodeIgniter.php(333): CodeIgniter\CodeIgniter->handleRequest(NULL, Object(Config\Cache), false)
#11 C:\xampp\htdocs\autoservis\public\index.php(44): CodeIgniter\CodeIgniter->run()
#12 {main}
