CRITICAL - 2021-04-12 03:15:35 --> Undefined index: id
#0 C:\xampp\htdocs\autoservis\app\Views\pages\vypis_aut.php(24): CodeIgniter\Debug\Exceptions->errorHandler(8, 'Undefined index...', 'C:\\xampp\\htdocs...', 24, Array)
#1 C:\xampp\htdocs\autoservis\system\View\View.php(220): include('C:\\xampp\\htdocs...')
#2 C:\xampp\htdocs\autoservis\system\View\View.php(222): CodeIgniter\View\View->CodeIgniter\View\{closure}()
#3 C:\xampp\htdocs\autoservis\system\Common.php(1217): CodeIgniter\View\View->render('pages/vypis_aut', Array, true)
#4 C:\xampp\htdocs\autoservis\app\Controllers\HlavniStrana.php(30): view('pages/vypis_aut', Array)
#5 C:\xampp\htdocs\autoservis\system\CodeIgniter.php(936): App\Controllers\HlavniStrana->vypisAut()
#6 C:\xampp\htdocs\autoservis\system\CodeIgniter.php(432): CodeIgniter\CodeIgniter->runController(Object(App\Controllers\HlavniStrana))
#7 C:\xampp\htdocs\autoservis\system\CodeIgniter.php(333): CodeIgniter\CodeIgniter->handleRequest(NULL, Object(Config\Cache), false)
#8 C:\xampp\htdocs\autoservis\public\index.php(44): CodeIgniter\CodeIgniter->run()
#9 {main}
CRITICAL - 2021-04-12 03:17:23 --> Undefined index: id
#0 C:\xampp\htdocs\autoservis\app\Views\pages\vypis_aut.php(24): CodeIgniter\Debug\Exceptions->errorHandler(8, 'Undefined index...', 'C:\\xampp\\htdocs...', 24, Array)
#1 C:\xampp\htdocs\autoservis\system\View\View.php(220): include('C:\\xampp\\htdocs...')
#2 C:\xampp\htdocs\autoservis\system\View\View.php(222): CodeIgniter\View\View->CodeIgniter\View\{closure}()
#3 C:\xampp\htdocs\autoservis\system\Common.php(1217): CodeIgniter\View\View->render('pages/vypis_aut', Array, true)
#4 C:\xampp\htdocs\autoservis\app\Controllers\HlavniStrana.php(30): view('pages/vypis_aut', Array)
#5 C:\xampp\htdocs\autoservis\system\CodeIgniter.php(936): App\Controllers\HlavniStrana->vypisAut()
#6 C:\xampp\htdocs\autoservis\system\CodeIgniter.php(432): CodeIgniter\CodeIgniter->runController(Object(App\Controllers\HlavniStrana))
#7 C:\xampp\htdocs\autoservis\system\CodeIgniter.php(333): CodeIgniter\CodeIgniter->handleRequest(NULL, Object(Config\Cache), false)
#8 C:\xampp\htdocs\autoservis\public\index.php(44): CodeIgniter\CodeIgniter->run()
#9 {main}
CRITICAL - 2021-04-12 03:17:24 --> Undefined index: id
#0 C:\xampp\htdocs\autoservis\app\Views\pages\vypis_aut.php(24): CodeIgniter\Debug\Exceptions->errorHandler(8, 'Undefined index...', 'C:\\xampp\\htdocs...', 24, Array)
#1 C:\xampp\htdocs\autoservis\system\View\View.php(220): include('C:\\xampp\\htdocs...')
#2 C:\xampp\htdocs\autoservis\system\View\View.php(222): CodeIgniter\View\View->CodeIgniter\View\{closure}()
#3 C:\xampp\htdocs\autoservis\system\Common.php(1217): CodeIgniter\View\View->render('pages/vypis_aut', Array, true)
#4 C:\xampp\htdocs\autoservis\app\Controllers\HlavniStrana.php(30): view('pages/vypis_aut', Array)
#5 C:\xampp\htdocs\autoservis\system\CodeIgniter.php(936): App\Controllers\HlavniStrana->vypisAut()
#6 C:\xampp\htdocs\autoservis\system\CodeIgniter.php(432): CodeIgniter\CodeIgniter->runController(Object(App\Controllers\HlavniStrana))
#7 C:\xampp\htdocs\autoservis\system\CodeIgniter.php(333): CodeIgniter\CodeIgniter->handleRequest(NULL, Object(Config\Cache), false)
#8 C:\xampp\htdocs\autoservis\public\index.php(44): CodeIgniter\CodeIgniter->run()
#9 {main}
CRITICAL - 2021-04-12 03:20:11 --> syntax error, unexpected 'echo' (T_ECHO)
#0 C:\xampp\htdocs\autoservis\system\View\View.php(222): CodeIgniter\View\View->CodeIgniter\View\{closure}()
#1 C:\xampp\htdocs\autoservis\system\Common.php(1217): CodeIgniter\View\View->render('pages/vypis_aut', Array, true)
#2 C:\xampp\htdocs\autoservis\app\Controllers\HlavniStrana.php(30): view('pages/vypis_aut', Array)
#3 C:\xampp\htdocs\autoservis\system\CodeIgniter.php(936): App\Controllers\HlavniStrana->vypisAut()
#4 C:\xampp\htdocs\autoservis\system\CodeIgniter.php(432): CodeIgniter\CodeIgniter->runController(Object(App\Controllers\HlavniStrana))
#5 C:\xampp\htdocs\autoservis\system\CodeIgniter.php(333): CodeIgniter\CodeIgniter->handleRequest(NULL, Object(Config\Cache), false)
#6 C:\xampp\htdocs\autoservis\public\index.php(44): CodeIgniter\CodeIgniter->run()
#7 {main}
CRITICAL - 2021-04-12 03:21:41 --> Undefined index: id
#0 C:\xampp\htdocs\autoservis\app\Views\pages\vypis_aut.php(24): CodeIgniter\Debug\Exceptions->errorHandler(8, 'Undefined index...', 'C:\\xampp\\htdocs...', 24, Array)
#1 C:\xampp\htdocs\autoservis\system\View\View.php(220): include('C:\\xampp\\htdocs...')
#2 C:\xampp\htdocs\autoservis\system\View\View.php(222): CodeIgniter\View\View->CodeIgniter\View\{closure}()
#3 C:\xampp\htdocs\autoservis\system\Common.php(1217): CodeIgniter\View\View->render('pages/vypis_aut', Array, true)
#4 C:\xampp\htdocs\autoservis\app\Controllers\HlavniStrana.php(30): view('pages/vypis_aut', Array)
#5 C:\xampp\htdocs\autoservis\system\CodeIgniter.php(936): App\Controllers\HlavniStrana->vypisAut()
#6 C:\xampp\htdocs\autoservis\system\CodeIgniter.php(432): CodeIgniter\CodeIgniter->runController(Object(App\Controllers\HlavniStrana))
#7 C:\xampp\htdocs\autoservis\system\CodeIgniter.php(333): CodeIgniter\CodeIgniter->handleRequest(NULL, Object(Config\Cache), false)
#8 C:\xampp\htdocs\autoservis\public\index.php(44): CodeIgniter\CodeIgniter->run()
#9 {main}
CRITICAL - 2021-04-12 03:21:42 --> Undefined index: id
#0 C:\xampp\htdocs\autoservis\app\Views\pages\vypis_aut.php(24): CodeIgniter\Debug\Exceptions->errorHandler(8, 'Undefined index...', 'C:\\xampp\\htdocs...', 24, Array)
#1 C:\xampp\htdocs\autoservis\system\View\View.php(220): include('C:\\xampp\\htdocs...')
#2 C:\xampp\htdocs\autoservis\system\View\View.php(222): CodeIgniter\View\View->CodeIgniter\View\{closure}()
#3 C:\xampp\htdocs\autoservis\system\Common.php(1217): CodeIgniter\View\View->render('pages/vypis_aut', Array, true)
#4 C:\xampp\htdocs\autoservis\app\Controllers\HlavniStrana.php(30): view('pages/vypis_aut', Array)
#5 C:\xampp\htdocs\autoservis\system\CodeIgniter.php(936): App\Controllers\HlavniStrana->vypisAut()
#6 C:\xampp\htdocs\autoservis\system\CodeIgniter.php(432): CodeIgniter\CodeIgniter->runController(Object(App\Controllers\HlavniStrana))
#7 C:\xampp\htdocs\autoservis\system\CodeIgniter.php(333): CodeIgniter\CodeIgniter->handleRequest(NULL, Object(Config\Cache), false)
#8 C:\xampp\htdocs\autoservis\public\index.php(44): CodeIgniter\CodeIgniter->run()
#9 {main}
CRITICAL - 2021-04-12 03:27:06 --> Undefined property: App\Controllers\HlavniStrana::$Model
#0 C:\xampp\htdocs\autoservis\app\Controllers\HlavniStrana.php(105): CodeIgniter\Debug\Exceptions->errorHandler(8, 'Undefined prope...', 'C:\\xampp\\htdocs...', 105, Array)
#1 C:\xampp\htdocs\autoservis\system\CodeIgniter.php(936): App\Controllers\HlavniStrana->vypisOprav('1')
#2 C:\xampp\htdocs\autoservis\system\CodeIgniter.php(432): CodeIgniter\CodeIgniter->runController(Object(App\Controllers\HlavniStrana))
#3 C:\xampp\htdocs\autoservis\system\CodeIgniter.php(333): CodeIgniter\CodeIgniter->handleRequest(NULL, Object(Config\Cache), false)
#4 C:\xampp\htdocs\autoservis\public\index.php(44): CodeIgniter\CodeIgniter->run()
#5 {main}
CRITICAL - 2021-04-12 03:29:00 --> Cannot call constructor
#0 C:\xampp\htdocs\autoservis\system\CodeIgniter.php(908): App\Controllers\HlavniStrana->__construct()
#1 C:\xampp\htdocs\autoservis\system\CodeIgniter.php(422): CodeIgniter\CodeIgniter->createController()
#2 C:\xampp\htdocs\autoservis\system\CodeIgniter.php(333): CodeIgniter\CodeIgniter->handleRequest(NULL, Object(Config\Cache), false)
#3 C:\xampp\htdocs\autoservis\public\index.php(44): CodeIgniter\CodeIgniter->run()
#4 {main}
CRITICAL - 2021-04-12 03:30:11 --> Undefined property: App\Controllers\HlavniStrana::$load
#0 C:\xampp\htdocs\autoservis\app\Controllers\HlavniStrana.php(105): CodeIgniter\Debug\Exceptions->errorHandler(8, 'Undefined prope...', 'C:\\xampp\\htdocs...', 105, Array)
#1 C:\xampp\htdocs\autoservis\system\CodeIgniter.php(936): App\Controllers\HlavniStrana->vypisOprav('1')
#2 C:\xampp\htdocs\autoservis\system\CodeIgniter.php(432): CodeIgniter\CodeIgniter->runController(Object(App\Controllers\HlavniStrana))
#3 C:\xampp\htdocs\autoservis\system\CodeIgniter.php(333): CodeIgniter\CodeIgniter->handleRequest(NULL, Object(Config\Cache), false)
#4 C:\xampp\htdocs\autoservis\public\index.php(44): CodeIgniter\CodeIgniter->run()
#5 {main}
CRITICAL - 2021-04-12 03:30:12 --> Undefined property: App\Controllers\HlavniStrana::$load
#0 C:\xampp\htdocs\autoservis\app\Controllers\HlavniStrana.php(105): CodeIgniter\Debug\Exceptions->errorHandler(8, 'Undefined prope...', 'C:\\xampp\\htdocs...', 105, Array)
#1 C:\xampp\htdocs\autoservis\system\CodeIgniter.php(936): App\Controllers\HlavniStrana->vypisOprav('1')
#2 C:\xampp\htdocs\autoservis\system\CodeIgniter.php(432): CodeIgniter\CodeIgniter->runController(Object(App\Controllers\HlavniStrana))
#3 C:\xampp\htdocs\autoservis\system\CodeIgniter.php(333): CodeIgniter\CodeIgniter->handleRequest(NULL, Object(Config\Cache), false)
#4 C:\xampp\htdocs\autoservis\public\index.php(44): CodeIgniter\CodeIgniter->run()
#5 {main}
CRITICAL - 2021-04-12 03:33:08 --> Undefined variable: Hlavni_model
#0 C:\xampp\htdocs\autoservis\app\Controllers\HlavniStrana.php(107): CodeIgniter\Debug\Exceptions->errorHandler(8, 'Undefined varia...', 'C:\\xampp\\htdocs...', 107, Array)
#1 C:\xampp\htdocs\autoservis\system\CodeIgniter.php(936): App\Controllers\HlavniStrana->vypisOprav('1')
#2 C:\xampp\htdocs\autoservis\system\CodeIgniter.php(432): CodeIgniter\CodeIgniter->runController(Object(App\Controllers\HlavniStrana))
#3 C:\xampp\htdocs\autoservis\system\CodeIgniter.php(333): CodeIgniter\CodeIgniter->handleRequest(NULL, Object(Config\Cache), false)
#4 C:\xampp\htdocs\autoservis\public\index.php(44): CodeIgniter\CodeIgniter->run()
#5 {main}
CRITICAL - 2021-04-12 03:33:09 --> Undefined variable: Hlavni_model
#0 C:\xampp\htdocs\autoservis\app\Controllers\HlavniStrana.php(107): CodeIgniter\Debug\Exceptions->errorHandler(8, 'Undefined varia...', 'C:\\xampp\\htdocs...', 107, Array)
#1 C:\xampp\htdocs\autoservis\system\CodeIgniter.php(936): App\Controllers\HlavniStrana->vypisOprav('1')
#2 C:\xampp\htdocs\autoservis\system\CodeIgniter.php(432): CodeIgniter\CodeIgniter->runController(Object(App\Controllers\HlavniStrana))
#3 C:\xampp\htdocs\autoservis\system\CodeIgniter.php(333): CodeIgniter\CodeIgniter->handleRequest(NULL, Object(Config\Cache), false)
#4 C:\xampp\htdocs\autoservis\public\index.php(44): CodeIgniter\CodeIgniter->run()
#5 {main}
CRITICAL - 2021-04-12 03:33:20 --> Call to undefined method App\Models\Hlavni_model::opravy
#0 C:\xampp\htdocs\autoservis\app\Controllers\HlavniStrana.php(107): CodeIgniter\Model->__call('opravy', Array)
#1 C:\xampp\htdocs\autoservis\system\CodeIgniter.php(936): App\Controllers\HlavniStrana->vypisOprav('1')
#2 C:\xampp\htdocs\autoservis\system\CodeIgniter.php(432): CodeIgniter\CodeIgniter->runController(Object(App\Controllers\HlavniStrana))
#3 C:\xampp\htdocs\autoservis\system\CodeIgniter.php(333): CodeIgniter\CodeIgniter->handleRequest(NULL, Object(Config\Cache), false)
#4 C:\xampp\htdocs\autoservis\public\index.php(44): CodeIgniter\CodeIgniter->run()
#5 {main}
CRITICAL - 2021-04-12 03:58:13 --> Call to undefined method App\Models\Hlavni_model::opravy
#0 C:\xampp\htdocs\autoservis\app\Controllers\HlavniStrana.php(107): CodeIgniter\Model->__call('opravy', Array)
#1 C:\xampp\htdocs\autoservis\system\CodeIgniter.php(936): App\Controllers\HlavniStrana->vypisOprav('1')
#2 C:\xampp\htdocs\autoservis\system\CodeIgniter.php(432): CodeIgniter\CodeIgniter->runController(Object(App\Controllers\HlavniStrana))
#3 C:\xampp\htdocs\autoservis\system\CodeIgniter.php(333): CodeIgniter\CodeIgniter->handleRequest(NULL, Object(Config\Cache), false)
#4 C:\xampp\htdocs\autoservis\public\index.php(44): CodeIgniter\CodeIgniter->run()
#5 {main}
CRITICAL - 2021-04-12 03:58:14 --> Call to undefined method App\Models\Hlavni_model::opravy
#0 C:\xampp\htdocs\autoservis\app\Controllers\HlavniStrana.php(107): CodeIgniter\Model->__call('opravy', Array)
#1 C:\xampp\htdocs\autoservis\system\CodeIgniter.php(936): App\Controllers\HlavniStrana->vypisOprav('1')
#2 C:\xampp\htdocs\autoservis\system\CodeIgniter.php(432): CodeIgniter\CodeIgniter->runController(Object(App\Controllers\HlavniStrana))
#3 C:\xampp\htdocs\autoservis\system\CodeIgniter.php(333): CodeIgniter\CodeIgniter->handleRequest(NULL, Object(Config\Cache), false)
#4 C:\xampp\htdocs\autoservis\public\index.php(44): CodeIgniter\CodeIgniter->run()
#5 {main}
CRITICAL - 2021-04-12 03:58:14 --> Call to undefined method App\Models\Hlavni_model::opravy
#0 C:\xampp\htdocs\autoservis\app\Controllers\HlavniStrana.php(107): CodeIgniter\Model->__call('opravy', Array)
#1 C:\xampp\htdocs\autoservis\system\CodeIgniter.php(936): App\Controllers\HlavniStrana->vypisOprav('1')
#2 C:\xampp\htdocs\autoservis\system\CodeIgniter.php(432): CodeIgniter\CodeIgniter->runController(Object(App\Controllers\HlavniStrana))
#3 C:\xampp\htdocs\autoservis\system\CodeIgniter.php(333): CodeIgniter\CodeIgniter->handleRequest(NULL, Object(Config\Cache), false)
#4 C:\xampp\htdocs\autoservis\public\index.php(44): CodeIgniter\CodeIgniter->run()
#5 {main}
CRITICAL - 2021-04-12 04:06:42 --> Call to undefined method App\Models\Hlavni_model::opravy
#0 C:\xampp\htdocs\autoservis\app\Controllers\HlavniStrana.php(107): CodeIgniter\Model->__call('opravy', Array)
#1 C:\xampp\htdocs\autoservis\system\CodeIgniter.php(936): App\Controllers\HlavniStrana->vypisOprav('1')
#2 C:\xampp\htdocs\autoservis\system\CodeIgniter.php(432): CodeIgniter\CodeIgniter->runController(Object(App\Controllers\HlavniStrana))
#3 C:\xampp\htdocs\autoservis\system\CodeIgniter.php(333): CodeIgniter\CodeIgniter->handleRequest(NULL, Object(Config\Cache), false)
#4 C:\xampp\htdocs\autoservis\public\index.php(44): CodeIgniter\CodeIgniter->run()
#5 {main}
CRITICAL - 2021-04-12 04:06:45 --> Call to undefined method App\Models\Hlavni_model::opravy
#0 C:\xampp\htdocs\autoservis\app\Controllers\HlavniStrana.php(107): CodeIgniter\Model->__call('opravy', Array)
#1 C:\xampp\htdocs\autoservis\system\CodeIgniter.php(936): App\Controllers\HlavniStrana->vypisOprav('1')
#2 C:\xampp\htdocs\autoservis\system\CodeIgniter.php(432): CodeIgniter\CodeIgniter->runController(Object(App\Controllers\HlavniStrana))
#3 C:\xampp\htdocs\autoservis\system\CodeIgniter.php(333): CodeIgniter\CodeIgniter->handleRequest(NULL, Object(Config\Cache), false)
#4 C:\xampp\htdocs\autoservis\public\index.php(44): CodeIgniter\CodeIgniter->run()
#5 {main}
CRITICAL - 2021-04-12 04:07:07 --> Call to undefined method CodeIgniter\Database\MySQLi\Result::result()
#0 C:\xampp\htdocs\autoservis\app\Controllers\HlavniStrana.php(107): App\Models\Hlavni_model->Opravy('1')
#1 C:\xampp\htdocs\autoservis\system\CodeIgniter.php(936): App\Controllers\HlavniStrana->vypisOprav('1')
#2 C:\xampp\htdocs\autoservis\system\CodeIgniter.php(432): CodeIgniter\CodeIgniter->runController(Object(App\Controllers\HlavniStrana))
#3 C:\xampp\htdocs\autoservis\system\CodeIgniter.php(333): CodeIgniter\CodeIgniter->handleRequest(NULL, Object(Config\Cache), false)
#4 C:\xampp\htdocs\autoservis\public\index.php(44): CodeIgniter\CodeIgniter->run()
#5 {main}
CRITICAL - 2021-04-12 04:07:38 --> Call to undefined method CodeIgniter\Database\MySQLi\Result::result()
#0 C:\xampp\htdocs\autoservis\app\Controllers\HlavniStrana.php(107): App\Models\Hlavni_model->opravy('1')
#1 C:\xampp\htdocs\autoservis\system\CodeIgniter.php(936): App\Controllers\HlavniStrana->vypisOprav('1')
#2 C:\xampp\htdocs\autoservis\system\CodeIgniter.php(432): CodeIgniter\CodeIgniter->runController(Object(App\Controllers\HlavniStrana))
#3 C:\xampp\htdocs\autoservis\system\CodeIgniter.php(333): CodeIgniter\CodeIgniter->handleRequest(NULL, Object(Config\Cache), false)
#4 C:\xampp\htdocs\autoservis\public\index.php(44): CodeIgniter\CodeIgniter->run()
#5 {main}
CRITICAL - 2021-04-12 04:07:38 --> Call to undefined method CodeIgniter\Database\MySQLi\Result::result()
#0 C:\xampp\htdocs\autoservis\app\Controllers\HlavniStrana.php(107): App\Models\Hlavni_model->opravy('1')
#1 C:\xampp\htdocs\autoservis\system\CodeIgniter.php(936): App\Controllers\HlavniStrana->vypisOprav('1')
#2 C:\xampp\htdocs\autoservis\system\CodeIgniter.php(432): CodeIgniter\CodeIgniter->runController(Object(App\Controllers\HlavniStrana))
#3 C:\xampp\htdocs\autoservis\system\CodeIgniter.php(333): CodeIgniter\CodeIgniter->handleRequest(NULL, Object(Config\Cache), false)
#4 C:\xampp\htdocs\autoservis\public\index.php(44): CodeIgniter\CodeIgniter->run()
#5 {main}
CRITICAL - 2021-04-12 04:07:52 --> Cannot use object of type mysqli as array
#0 C:\xampp\htdocs\autoservis\system\View\View.php(220): include()
#1 C:\xampp\htdocs\autoservis\system\View\View.php(222): CodeIgniter\View\View->CodeIgniter\View\{closure}()
#2 C:\xampp\htdocs\autoservis\system\Common.php(1217): CodeIgniter\View\View->render('pages/opravy', Array, true)
#3 C:\xampp\htdocs\autoservis\app\Controllers\HlavniStrana.php(110): view('pages/opravy', Array)
#4 C:\xampp\htdocs\autoservis\system\CodeIgniter.php(936): App\Controllers\HlavniStrana->vypisOprav('1')
#5 C:\xampp\htdocs\autoservis\system\CodeIgniter.php(432): CodeIgniter\CodeIgniter->runController(Object(App\Controllers\HlavniStrana))
#6 C:\xampp\htdocs\autoservis\system\CodeIgniter.php(333): CodeIgniter\CodeIgniter->handleRequest(NULL, Object(Config\Cache), false)
#7 C:\xampp\htdocs\autoservis\public\index.php(44): CodeIgniter\CodeIgniter->run()
#8 {main}
CRITICAL - 2021-04-12 04:08:33 --> Undefined property: CodeIgniter\Database\MySQLi\Result::$result
#0 C:\xampp\htdocs\autoservis\app\Models\Hlavni_model.php(15): CodeIgniter\Debug\Exceptions->errorHandler(8, 'Undefined prope...', 'C:\\xampp\\htdocs...', 15, Array)
#1 C:\xampp\htdocs\autoservis\app\Controllers\HlavniStrana.php(107): App\Models\Hlavni_model->opravy('1')
#2 C:\xampp\htdocs\autoservis\system\CodeIgniter.php(936): App\Controllers\HlavniStrana->vypisOprav('1')
#3 C:\xampp\htdocs\autoservis\system\CodeIgniter.php(432): CodeIgniter\CodeIgniter->runController(Object(App\Controllers\HlavniStrana))
#4 C:\xampp\htdocs\autoservis\system\CodeIgniter.php(333): CodeIgniter\CodeIgniter->handleRequest(NULL, Object(Config\Cache), false)
#5 C:\xampp\htdocs\autoservis\public\index.php(44): CodeIgniter\CodeIgniter->run()
#6 {main}
CRITICAL - 2021-04-12 04:08:46 --> Call to undefined method CodeIgniter\Database\MySQLi\Result::result()
#0 C:\xampp\htdocs\autoservis\app\Controllers\HlavniStrana.php(107): App\Models\Hlavni_model->opravy('1')
#1 C:\xampp\htdocs\autoservis\system\CodeIgniter.php(936): App\Controllers\HlavniStrana->vypisOprav('1')
#2 C:\xampp\htdocs\autoservis\system\CodeIgniter.php(432): CodeIgniter\CodeIgniter->runController(Object(App\Controllers\HlavniStrana))
#3 C:\xampp\htdocs\autoservis\system\CodeIgniter.php(333): CodeIgniter\CodeIgniter->handleRequest(NULL, Object(Config\Cache), false)
#4 C:\xampp\htdocs\autoservis\public\index.php(44): CodeIgniter\CodeIgniter->run()
#5 {main}
CRITICAL - 2021-04-12 04:10:39 --> Undefined variable: db
#0 C:\xampp\htdocs\autoservis\app\Models\Hlavni_model.php(16): CodeIgniter\Debug\Exceptions->errorHandler(8, 'Undefined varia...', 'C:\\xampp\\htdocs...', 16, Array)
#1 C:\xampp\htdocs\autoservis\app\Controllers\HlavniStrana.php(107): App\Models\Hlavni_model->opravy('1')
#2 C:\xampp\htdocs\autoservis\system\CodeIgniter.php(936): App\Controllers\HlavniStrana->vypisOprav('1')
#3 C:\xampp\htdocs\autoservis\system\CodeIgniter.php(432): CodeIgniter\CodeIgniter->runController(Object(App\Controllers\HlavniStrana))
#4 C:\xampp\htdocs\autoservis\system\CodeIgniter.php(333): CodeIgniter\CodeIgniter->handleRequest(NULL, Object(Config\Cache), false)
#5 C:\xampp\htdocs\autoservis\public\index.php(44): CodeIgniter\CodeIgniter->run()
#6 {main}
CRITICAL - 2021-04-12 04:10:40 --> Undefined variable: db
#0 C:\xampp\htdocs\autoservis\app\Models\Hlavni_model.php(16): CodeIgniter\Debug\Exceptions->errorHandler(8, 'Undefined varia...', 'C:\\xampp\\htdocs...', 16, Array)
#1 C:\xampp\htdocs\autoservis\app\Controllers\HlavniStrana.php(107): App\Models\Hlavni_model->opravy('1')
#2 C:\xampp\htdocs\autoservis\system\CodeIgniter.php(936): App\Controllers\HlavniStrana->vypisOprav('1')
#3 C:\xampp\htdocs\autoservis\system\CodeIgniter.php(432): CodeIgniter\CodeIgniter->runController(Object(App\Controllers\HlavniStrana))
#4 C:\xampp\htdocs\autoservis\system\CodeIgniter.php(333): CodeIgniter\CodeIgniter->handleRequest(NULL, Object(Config\Cache), false)
#5 C:\xampp\htdocs\autoservis\public\index.php(44): CodeIgniter\CodeIgniter->run()
#6 {main}
CRITICAL - 2021-04-12 04:11:39 --> Invalid argument supplied for foreach()
#0 C:\xampp\htdocs\autoservis\app\Views\pages\opravy.php(22): CodeIgniter\Debug\Exceptions->errorHandler(2, 'Invalid argumen...', 'C:\\xampp\\htdocs...', 22, Array)
#1 C:\xampp\htdocs\autoservis\system\View\View.php(220): include('C:\\xampp\\htdocs...')
#2 C:\xampp\htdocs\autoservis\system\View\View.php(222): CodeIgniter\View\View->CodeIgniter\View\{closure}()
#3 C:\xampp\htdocs\autoservis\system\Common.php(1217): CodeIgniter\View\View->render('pages/opravy', Array, true)
#4 C:\xampp\htdocs\autoservis\app\Controllers\HlavniStrana.php(110): view('pages/opravy', Array)
#5 C:\xampp\htdocs\autoservis\system\CodeIgniter.php(936): App\Controllers\HlavniStrana->vypisOprav('1')
#6 C:\xampp\htdocs\autoservis\system\CodeIgniter.php(432): CodeIgniter\CodeIgniter->runController(Object(App\Controllers\HlavniStrana))
#7 C:\xampp\htdocs\autoservis\system\CodeIgniter.php(333): CodeIgniter\CodeIgniter->handleRequest(NULL, Object(Config\Cache), false)
#8 C:\xampp\htdocs\autoservis\public\index.php(44): CodeIgniter\CodeIgniter->run()
#9 {main}
CRITICAL - 2021-04-12 04:12:52 --> Class 'App\Controllers\Query' not found
#0 C:\xampp\htdocs\autoservis\system\CodeIgniter.php(936): App\Controllers\HlavniStrana->vypisOprav('1')
#1 C:\xampp\htdocs\autoservis\system\CodeIgniter.php(432): CodeIgniter\CodeIgniter->runController(Object(App\Controllers\HlavniStrana))
#2 C:\xampp\htdocs\autoservis\system\CodeIgniter.php(333): CodeIgniter\CodeIgniter->handleRequest(NULL, Object(Config\Cache), false)
#3 C:\xampp\htdocs\autoservis\public\index.php(44): CodeIgniter\CodeIgniter->run()
#4 {main}
CRITICAL - 2021-04-12 04:12:53 --> Class 'App\Controllers\Query' not found
#0 C:\xampp\htdocs\autoservis\system\CodeIgniter.php(936): App\Controllers\HlavniStrana->vypisOprav('1')
#1 C:\xampp\htdocs\autoservis\system\CodeIgniter.php(432): CodeIgniter\CodeIgniter->runController(Object(App\Controllers\HlavniStrana))
#2 C:\xampp\htdocs\autoservis\system\CodeIgniter.php(333): CodeIgniter\CodeIgniter->handleRequest(NULL, Object(Config\Cache), false)
#3 C:\xampp\htdocs\autoservis\public\index.php(44): CodeIgniter\CodeIgniter->run()
#4 {main}
CRITICAL - 2021-04-12 04:13:48 --> Invalid argument supplied for foreach()
#0 C:\xampp\htdocs\autoservis\app\Views\pages\opravy.php(22): CodeIgniter\Debug\Exceptions->errorHandler(2, 'Invalid argumen...', 'C:\\xampp\\htdocs...', 22, Array)
#1 C:\xampp\htdocs\autoservis\system\View\View.php(220): include('C:\\xampp\\htdocs...')
#2 C:\xampp\htdocs\autoservis\system\View\View.php(222): CodeIgniter\View\View->CodeIgniter\View\{closure}()
#3 C:\xampp\htdocs\autoservis\system\Common.php(1217): CodeIgniter\View\View->render('pages/opravy', Array, true)
#4 C:\xampp\htdocs\autoservis\app\Controllers\HlavniStrana.php(111): view('pages/opravy', Array)
#5 C:\xampp\htdocs\autoservis\system\CodeIgniter.php(936): App\Controllers\HlavniStrana->vypisOprav('1')
#6 C:\xampp\htdocs\autoservis\system\CodeIgniter.php(432): CodeIgniter\CodeIgniter->runController(Object(App\Controllers\HlavniStrana))
#7 C:\xampp\htdocs\autoservis\system\CodeIgniter.php(333): CodeIgniter\CodeIgniter->handleRequest(NULL, Object(Config\Cache), false)
#8 C:\xampp\htdocs\autoservis\public\index.php(44): CodeIgniter\CodeIgniter->run()
#9 {main}
CRITICAL - 2021-04-12 04:14:00 --> Invalid argument supplied for foreach()
#0 C:\xampp\htdocs\autoservis\app\Views\pages\opravy.php(22): CodeIgniter\Debug\Exceptions->errorHandler(2, 'Invalid argumen...', 'C:\\xampp\\htdocs...', 22, Array)
#1 C:\xampp\htdocs\autoservis\system\View\View.php(220): include('C:\\xampp\\htdocs...')
#2 C:\xampp\htdocs\autoservis\system\View\View.php(222): CodeIgniter\View\View->CodeIgniter\View\{closure}()
#3 C:\xampp\htdocs\autoservis\system\Common.php(1217): CodeIgniter\View\View->render('pages/opravy', Array, true)
#4 C:\xampp\htdocs\autoservis\app\Controllers\HlavniStrana.php(111): view('pages/opravy', Array)
#5 C:\xampp\htdocs\autoservis\system\CodeIgniter.php(936): App\Controllers\HlavniStrana->vypisOprav('1')
#6 C:\xampp\htdocs\autoservis\system\CodeIgniter.php(432): CodeIgniter\CodeIgniter->runController(Object(App\Controllers\HlavniStrana))
#7 C:\xampp\htdocs\autoservis\system\CodeIgniter.php(333): CodeIgniter\CodeIgniter->handleRequest(NULL, Object(Config\Cache), false)
#8 C:\xampp\htdocs\autoservis\public\index.php(44): CodeIgniter\CodeIgniter->run()
#9 {main}
CRITICAL - 2021-04-12 04:14:04 --> Invalid argument supplied for foreach()
#0 C:\xampp\htdocs\autoservis\app\Views\pages\opravy.php(22): CodeIgniter\Debug\Exceptions->errorHandler(2, 'Invalid argumen...', 'C:\\xampp\\htdocs...', 22, Array)
#1 C:\xampp\htdocs\autoservis\system\View\View.php(220): include('C:\\xampp\\htdocs...')
#2 C:\xampp\htdocs\autoservis\system\View\View.php(222): CodeIgniter\View\View->CodeIgniter\View\{closure}()
#3 C:\xampp\htdocs\autoservis\system\Common.php(1217): CodeIgniter\View\View->render('pages/opravy', Array, true)
#4 C:\xampp\htdocs\autoservis\app\Controllers\HlavniStrana.php(111): view('pages/opravy', Array)
#5 C:\xampp\htdocs\autoservis\system\CodeIgniter.php(936): App\Controllers\HlavniStrana->vypisOprav('6')
#6 C:\xampp\htdocs\autoservis\system\CodeIgniter.php(432): CodeIgniter\CodeIgniter->runController(Object(App\Controllers\HlavniStrana))
#7 C:\xampp\htdocs\autoservis\system\CodeIgniter.php(333): CodeIgniter\CodeIgniter->handleRequest(NULL, Object(Config\Cache), false)
#8 C:\xampp\htdocs\autoservis\public\index.php(44): CodeIgniter\CodeIgniter->run()
#9 {main}
CRITICAL - 2021-04-12 04:15:26 --> Invalid argument supplied for foreach()
#0 C:\xampp\htdocs\autoservis\app\Views\pages\opravy.php(22): CodeIgniter\Debug\Exceptions->errorHandler(2, 'Invalid argumen...', 'C:\\xampp\\htdocs...', 22, Array)
#1 C:\xampp\htdocs\autoservis\system\View\View.php(220): include('C:\\xampp\\htdocs...')
#2 C:\xampp\htdocs\autoservis\system\View\View.php(222): CodeIgniter\View\View->CodeIgniter\View\{closure}()
#3 C:\xampp\htdocs\autoservis\system\Common.php(1217): CodeIgniter\View\View->render('pages/opravy', Array, true)
#4 C:\xampp\htdocs\autoservis\app\Controllers\HlavniStrana.php(111): view('pages/opravy', Array)
#5 C:\xampp\htdocs\autoservis\system\CodeIgniter.php(936): App\Controllers\HlavniStrana->vypisOprav('1')
#6 C:\xampp\htdocs\autoservis\system\CodeIgniter.php(432): CodeIgniter\CodeIgniter->runController(Object(App\Controllers\HlavniStrana))
#7 C:\xampp\htdocs\autoservis\system\CodeIgniter.php(333): CodeIgniter\CodeIgniter->handleRequest(NULL, Object(Config\Cache), false)
#8 C:\xampp\htdocs\autoservis\public\index.php(44): CodeIgniter\CodeIgniter->run()
#9 {main}
CRITICAL - 2021-04-12 04:19:58 --> Invalid argument supplied for foreach()
#0 C:\xampp\htdocs\autoservis\app\Views\pages\opravy.php(22): CodeIgniter\Debug\Exceptions->errorHandler(2, 'Invalid argumen...', 'C:\\xampp\\htdocs...', 22, Array)
#1 C:\xampp\htdocs\autoservis\system\View\View.php(220): include('C:\\xampp\\htdocs...')
#2 C:\xampp\htdocs\autoservis\system\View\View.php(222): CodeIgniter\View\View->CodeIgniter\View\{closure}()
#3 C:\xampp\htdocs\autoservis\system\Common.php(1217): CodeIgniter\View\View->render('pages/opravy', Array, true)
#4 C:\xampp\htdocs\autoservis\app\Controllers\HlavniStrana.php(111): view('pages/opravy', Array)
#5 C:\xampp\htdocs\autoservis\system\CodeIgniter.php(936): App\Controllers\HlavniStrana->vypisOprav('1')
#6 C:\xampp\htdocs\autoservis\system\CodeIgniter.php(432): CodeIgniter\CodeIgniter->runController(Object(App\Controllers\HlavniStrana))
#7 C:\xampp\htdocs\autoservis\system\CodeIgniter.php(333): CodeIgniter\CodeIgniter->handleRequest(NULL, Object(Config\Cache), false)
#8 C:\xampp\htdocs\autoservis\public\index.php(44): CodeIgniter\CodeIgniter->run()
#9 {main}
CRITICAL - 2021-04-12 04:19:59 --> Invalid argument supplied for foreach()
#0 C:\xampp\htdocs\autoservis\app\Views\pages\opravy.php(22): CodeIgniter\Debug\Exceptions->errorHandler(2, 'Invalid argumen...', 'C:\\xampp\\htdocs...', 22, Array)
#1 C:\xampp\htdocs\autoservis\system\View\View.php(220): include('C:\\xampp\\htdocs...')
#2 C:\xampp\htdocs\autoservis\system\View\View.php(222): CodeIgniter\View\View->CodeIgniter\View\{closure}()
#3 C:\xampp\htdocs\autoservis\system\Common.php(1217): CodeIgniter\View\View->render('pages/opravy', Array, true)
#4 C:\xampp\htdocs\autoservis\app\Controllers\HlavniStrana.php(111): view('pages/opravy', Array)
#5 C:\xampp\htdocs\autoservis\system\CodeIgniter.php(936): App\Controllers\HlavniStrana->vypisOprav('1')
#6 C:\xampp\htdocs\autoservis\system\CodeIgniter.php(432): CodeIgniter\CodeIgniter->runController(Object(App\Controllers\HlavniStrana))
#7 C:\xampp\htdocs\autoservis\system\CodeIgniter.php(333): CodeIgniter\CodeIgniter->handleRequest(NULL, Object(Config\Cache), false)
#8 C:\xampp\htdocs\autoservis\public\index.php(44): CodeIgniter\CodeIgniter->run()
#9 {main}
CRITICAL - 2021-04-12 04:19:59 --> Invalid argument supplied for foreach()
#0 C:\xampp\htdocs\autoservis\app\Views\pages\opravy.php(22): CodeIgniter\Debug\Exceptions->errorHandler(2, 'Invalid argumen...', 'C:\\xampp\\htdocs...', 22, Array)
#1 C:\xampp\htdocs\autoservis\system\View\View.php(220): include('C:\\xampp\\htdocs...')
#2 C:\xampp\htdocs\autoservis\system\View\View.php(222): CodeIgniter\View\View->CodeIgniter\View\{closure}()
#3 C:\xampp\htdocs\autoservis\system\Common.php(1217): CodeIgniter\View\View->render('pages/opravy', Array, true)
#4 C:\xampp\htdocs\autoservis\app\Controllers\HlavniStrana.php(111): view('pages/opravy', Array)
#5 C:\xampp\htdocs\autoservis\system\CodeIgniter.php(936): App\Controllers\HlavniStrana->vypisOprav('1')
#6 C:\xampp\htdocs\autoservis\system\CodeIgniter.php(432): CodeIgniter\CodeIgniter->runController(Object(App\Controllers\HlavniStrana))
#7 C:\xampp\htdocs\autoservis\system\CodeIgniter.php(333): CodeIgniter\CodeIgniter->handleRequest(NULL, Object(Config\Cache), false)
#8 C:\xampp\htdocs\autoservis\public\index.php(44): CodeIgniter\CodeIgniter->run()
#9 {main}
CRITICAL - 2021-04-12 04:19:59 --> Invalid argument supplied for foreach()
#0 C:\xampp\htdocs\autoservis\app\Views\pages\opravy.php(22): CodeIgniter\Debug\Exceptions->errorHandler(2, 'Invalid argumen...', 'C:\\xampp\\htdocs...', 22, Array)
#1 C:\xampp\htdocs\autoservis\system\View\View.php(220): include('C:\\xampp\\htdocs...')
#2 C:\xampp\htdocs\autoservis\system\View\View.php(222): CodeIgniter\View\View->CodeIgniter\View\{closure}()
#3 C:\xampp\htdocs\autoservis\system\Common.php(1217): CodeIgniter\View\View->render('pages/opravy', Array, true)
#4 C:\xampp\htdocs\autoservis\app\Controllers\HlavniStrana.php(111): view('pages/opravy', Array)
#5 C:\xampp\htdocs\autoservis\system\CodeIgniter.php(936): App\Controllers\HlavniStrana->vypisOprav('1')
#6 C:\xampp\htdocs\autoservis\system\CodeIgniter.php(432): CodeIgniter\CodeIgniter->runController(Object(App\Controllers\HlavniStrana))
#7 C:\xampp\htdocs\autoservis\system\CodeIgniter.php(333): CodeIgniter\CodeIgniter->handleRequest(NULL, Object(Config\Cache), false)
#8 C:\xampp\htdocs\autoservis\public\index.php(44): CodeIgniter\CodeIgniter->run()
#9 {main}
CRITICAL - 2021-04-12 04:20:00 --> Invalid argument supplied for foreach()
#0 C:\xampp\htdocs\autoservis\app\Views\pages\opravy.php(22): CodeIgniter\Debug\Exceptions->errorHandler(2, 'Invalid argumen...', 'C:\\xampp\\htdocs...', 22, Array)
#1 C:\xampp\htdocs\autoservis\system\View\View.php(220): include('C:\\xampp\\htdocs...')
#2 C:\xampp\htdocs\autoservis\system\View\View.php(222): CodeIgniter\View\View->CodeIgniter\View\{closure}()
#3 C:\xampp\htdocs\autoservis\system\Common.php(1217): CodeIgniter\View\View->render('pages/opravy', Array, true)
#4 C:\xampp\htdocs\autoservis\app\Controllers\HlavniStrana.php(111): view('pages/opravy', Array)
#5 C:\xampp\htdocs\autoservis\system\CodeIgniter.php(936): App\Controllers\HlavniStrana->vypisOprav('1')
#6 C:\xampp\htdocs\autoservis\system\CodeIgniter.php(432): CodeIgniter\CodeIgniter->runController(Object(App\Controllers\HlavniStrana))
#7 C:\xampp\htdocs\autoservis\system\CodeIgniter.php(333): CodeIgniter\CodeIgniter->handleRequest(NULL, Object(Config\Cache), false)
#8 C:\xampp\htdocs\autoservis\public\index.php(44): CodeIgniter\CodeIgniter->run()
#9 {main}
CRITICAL - 2021-04-12 04:20:00 --> Invalid argument supplied for foreach()
#0 C:\xampp\htdocs\autoservis\app\Views\pages\opravy.php(22): CodeIgniter\Debug\Exceptions->errorHandler(2, 'Invalid argumen...', 'C:\\xampp\\htdocs...', 22, Array)
#1 C:\xampp\htdocs\autoservis\system\View\View.php(220): include('C:\\xampp\\htdocs...')
#2 C:\xampp\htdocs\autoservis\system\View\View.php(222): CodeIgniter\View\View->CodeIgniter\View\{closure}()
#3 C:\xampp\htdocs\autoservis\system\Common.php(1217): CodeIgniter\View\View->render('pages/opravy', Array, true)
#4 C:\xampp\htdocs\autoservis\app\Controllers\HlavniStrana.php(111): view('pages/opravy', Array)
#5 C:\xampp\htdocs\autoservis\system\CodeIgniter.php(936): App\Controllers\HlavniStrana->vypisOprav('1')
#6 C:\xampp\htdocs\autoservis\system\CodeIgniter.php(432): CodeIgniter\CodeIgniter->runController(Object(App\Controllers\HlavniStrana))
#7 C:\xampp\htdocs\autoservis\system\CodeIgniter.php(333): CodeIgniter\CodeIgniter->handleRequest(NULL, Object(Config\Cache), false)
#8 C:\xampp\htdocs\autoservis\public\index.php(44): CodeIgniter\CodeIgniter->run()
#9 {main}
CRITICAL - 2021-04-12 04:27:54 --> Invalid argument supplied for foreach()
#0 C:\xampp\htdocs\autoservis\app\Views\pages\opravy.php(22): CodeIgniter\Debug\Exceptions->errorHandler(2, 'Invalid argumen...', 'C:\\xampp\\htdocs...', 22, Array)
#1 C:\xampp\htdocs\autoservis\system\View\View.php(220): include('C:\\xampp\\htdocs...')
#2 C:\xampp\htdocs\autoservis\system\View\View.php(222): CodeIgniter\View\View->CodeIgniter\View\{closure}()
#3 C:\xampp\htdocs\autoservis\system\Common.php(1217): CodeIgniter\View\View->render('pages/opravy', Array, true)
#4 C:\xampp\htdocs\autoservis\app\Controllers\HlavniStrana.php(111): view('pages/opravy', Array)
#5 C:\xampp\htdocs\autoservis\system\CodeIgniter.php(936): App\Controllers\HlavniStrana->vypisOprav('1')
#6 C:\xampp\htdocs\autoservis\system\CodeIgniter.php(432): CodeIgniter\CodeIgniter->runController(Object(App\Controllers\HlavniStrana))
#7 C:\xampp\htdocs\autoservis\system\CodeIgniter.php(333): CodeIgniter\CodeIgniter->handleRequest(NULL, Object(Config\Cache), false)
#8 C:\xampp\htdocs\autoservis\public\index.php(44): CodeIgniter\CodeIgniter->run()
#9 {main}
CRITICAL - 2021-04-12 04:27:58 --> Invalid argument supplied for foreach()
#0 C:\xampp\htdocs\autoservis\app\Views\pages\opravy.php(22): CodeIgniter\Debug\Exceptions->errorHandler(2, 'Invalid argumen...', 'C:\\xampp\\htdocs...', 22, Array)
#1 C:\xampp\htdocs\autoservis\system\View\View.php(220): include('C:\\xampp\\htdocs...')
#2 C:\xampp\htdocs\autoservis\system\View\View.php(222): CodeIgniter\View\View->CodeIgniter\View\{closure}()
#3 C:\xampp\htdocs\autoservis\system\Common.php(1217): CodeIgniter\View\View->render('pages/opravy', Array, true)
#4 C:\xampp\htdocs\autoservis\app\Controllers\HlavniStrana.php(111): view('pages/opravy', Array)
#5 C:\xampp\htdocs\autoservis\system\CodeIgniter.php(936): App\Controllers\HlavniStrana->vypisOprav('2')
#6 C:\xampp\htdocs\autoservis\system\CodeIgniter.php(432): CodeIgniter\CodeIgniter->runController(Object(App\Controllers\HlavniStrana))
#7 C:\xampp\htdocs\autoservis\system\CodeIgniter.php(333): CodeIgniter\CodeIgniter->handleRequest(NULL, Object(Config\Cache), false)
#8 C:\xampp\htdocs\autoservis\public\index.php(44): CodeIgniter\CodeIgniter->run()
#9 {main}
CRITICAL - 2021-04-12 04:32:50 --> Invalid argument supplied for foreach()
#0 C:\xampp\htdocs\autoservis\app\Views\pages\opravy.php(22): CodeIgniter\Debug\Exceptions->errorHandler(2, 'Invalid argumen...', 'C:\\xampp\\htdocs...', 22, Array)
#1 C:\xampp\htdocs\autoservis\system\View\View.php(220): include('C:\\xampp\\htdocs...')
#2 C:\xampp\htdocs\autoservis\system\View\View.php(222): CodeIgniter\View\View->CodeIgniter\View\{closure}()
#3 C:\xampp\htdocs\autoservis\system\Common.php(1217): CodeIgniter\View\View->render('pages/opravy', Array, true)
#4 C:\xampp\htdocs\autoservis\app\Controllers\HlavniStrana.php(111): view('pages/opravy', Array)
#5 C:\xampp\htdocs\autoservis\system\CodeIgniter.php(936): App\Controllers\HlavniStrana->vypisOprav('2')
#6 C:\xampp\htdocs\autoservis\system\CodeIgniter.php(432): CodeIgniter\CodeIgniter->runController(Object(App\Controllers\HlavniStrana))
#7 C:\xampp\htdocs\autoservis\system\CodeIgniter.php(333): CodeIgniter\CodeIgniter->handleRequest(NULL, Object(Config\Cache), false)
#8 C:\xampp\htdocs\autoservis\public\index.php(44): CodeIgniter\CodeIgniter->run()
#9 {main}
CRITICAL - 2021-04-12 04:32:51 --> Invalid argument supplied for foreach()
#0 C:\xampp\htdocs\autoservis\app\Views\pages\opravy.php(22): CodeIgniter\Debug\Exceptions->errorHandler(2, 'Invalid argumen...', 'C:\\xampp\\htdocs...', 22, Array)
#1 C:\xampp\htdocs\autoservis\system\View\View.php(220): include('C:\\xampp\\htdocs...')
#2 C:\xampp\htdocs\autoservis\system\View\View.php(222): CodeIgniter\View\View->CodeIgniter\View\{closure}()
#3 C:\xampp\htdocs\autoservis\system\Common.php(1217): CodeIgniter\View\View->render('pages/opravy', Array, true)
#4 C:\xampp\htdocs\autoservis\app\Controllers\HlavniStrana.php(111): view('pages/opravy', Array)
#5 C:\xampp\htdocs\autoservis\system\CodeIgniter.php(936): App\Controllers\HlavniStrana->vypisOprav('2')
#6 C:\xampp\htdocs\autoservis\system\CodeIgniter.php(432): CodeIgniter\CodeIgniter->runController(Object(App\Controllers\HlavniStrana))
#7 C:\xampp\htdocs\autoservis\system\CodeIgniter.php(333): CodeIgniter\CodeIgniter->handleRequest(NULL, Object(Config\Cache), false)
#8 C:\xampp\htdocs\autoservis\public\index.php(44): CodeIgniter\CodeIgniter->run()
#9 {main}
CRITICAL - 2021-04-12 04:39:31 --> Invalid argument supplied for foreach()
#0 C:\xampp\htdocs\autoservis\app\Views\pages\opravy.php(22): CodeIgniter\Debug\Exceptions->errorHandler(2, 'Invalid argumen...', 'C:\\xampp\\htdocs...', 22, Array)
#1 C:\xampp\htdocs\autoservis\system\View\View.php(220): include('C:\\xampp\\htdocs...')
#2 C:\xampp\htdocs\autoservis\system\View\View.php(222): CodeIgniter\View\View->CodeIgniter\View\{closure}()
#3 C:\xampp\htdocs\autoservis\system\Common.php(1217): CodeIgniter\View\View->render('pages/opravy', Array, true)
#4 C:\xampp\htdocs\autoservis\app\Controllers\HlavniStrana.php(111): view('pages/opravy', Array)
#5 C:\xampp\htdocs\autoservis\system\CodeIgniter.php(936): App\Controllers\HlavniStrana->vypisOprav('2')
#6 C:\xampp\htdocs\autoservis\system\CodeIgniter.php(432): CodeIgniter\CodeIgniter->runController(Object(App\Controllers\HlavniStrana))
#7 C:\xampp\htdocs\autoservis\system\CodeIgniter.php(333): CodeIgniter\CodeIgniter->handleRequest(NULL, Object(Config\Cache), false)
#8 C:\xampp\htdocs\autoservis\public\index.php(44): CodeIgniter\CodeIgniter->run()
#9 {main}
CRITICAL - 2021-04-12 04:39:31 --> Invalid argument supplied for foreach()
#0 C:\xampp\htdocs\autoservis\app\Views\pages\opravy.php(22): CodeIgniter\Debug\Exceptions->errorHandler(2, 'Invalid argumen...', 'C:\\xampp\\htdocs...', 22, Array)
#1 C:\xampp\htdocs\autoservis\system\View\View.php(220): include('C:\\xampp\\htdocs...')
#2 C:\xampp\htdocs\autoservis\system\View\View.php(222): CodeIgniter\View\View->CodeIgniter\View\{closure}()
#3 C:\xampp\htdocs\autoservis\system\Common.php(1217): CodeIgniter\View\View->render('pages/opravy', Array, true)
#4 C:\xampp\htdocs\autoservis\app\Controllers\HlavniStrana.php(111): view('pages/opravy', Array)
#5 C:\xampp\htdocs\autoservis\system\CodeIgniter.php(936): App\Controllers\HlavniStrana->vypisOprav('2')
#6 C:\xampp\htdocs\autoservis\system\CodeIgniter.php(432): CodeIgniter\CodeIgniter->runController(Object(App\Controllers\HlavniStrana))
#7 C:\xampp\htdocs\autoservis\system\CodeIgniter.php(333): CodeIgniter\CodeIgniter->handleRequest(NULL, Object(Config\Cache), false)
#8 C:\xampp\htdocs\autoservis\public\index.php(44): CodeIgniter\CodeIgniter->run()
#9 {main}
CRITICAL - 2021-04-12 04:39:32 --> Invalid argument supplied for foreach()
#0 C:\xampp\htdocs\autoservis\app\Views\pages\opravy.php(22): CodeIgniter\Debug\Exceptions->errorHandler(2, 'Invalid argumen...', 'C:\\xampp\\htdocs...', 22, Array)
#1 C:\xampp\htdocs\autoservis\system\View\View.php(220): include('C:\\xampp\\htdocs...')
#2 C:\xampp\htdocs\autoservis\system\View\View.php(222): CodeIgniter\View\View->CodeIgniter\View\{closure}()
#3 C:\xampp\htdocs\autoservis\system\Common.php(1217): CodeIgniter\View\View->render('pages/opravy', Array, true)
#4 C:\xampp\htdocs\autoservis\app\Controllers\HlavniStrana.php(111): view('pages/opravy', Array)
#5 C:\xampp\htdocs\autoservis\system\CodeIgniter.php(936): App\Controllers\HlavniStrana->vypisOprav('2')
#6 C:\xampp\htdocs\autoservis\system\CodeIgniter.php(432): CodeIgniter\CodeIgniter->runController(Object(App\Controllers\HlavniStrana))
#7 C:\xampp\htdocs\autoservis\system\CodeIgniter.php(333): CodeIgniter\CodeIgniter->handleRequest(NULL, Object(Config\Cache), false)
#8 C:\xampp\htdocs\autoservis\public\index.php(44): CodeIgniter\CodeIgniter->run()
#9 {main}
CRITICAL - 2021-04-12 04:39:32 --> Invalid argument supplied for foreach()
#0 C:\xampp\htdocs\autoservis\app\Views\pages\opravy.php(22): CodeIgniter\Debug\Exceptions->errorHandler(2, 'Invalid argumen...', 'C:\\xampp\\htdocs...', 22, Array)
#1 C:\xampp\htdocs\autoservis\system\View\View.php(220): include('C:\\xampp\\htdocs...')
#2 C:\xampp\htdocs\autoservis\system\View\View.php(222): CodeIgniter\View\View->CodeIgniter\View\{closure}()
#3 C:\xampp\htdocs\autoservis\system\Common.php(1217): CodeIgniter\View\View->render('pages/opravy', Array, true)
#4 C:\xampp\htdocs\autoservis\app\Controllers\HlavniStrana.php(111): view('pages/opravy', Array)
#5 C:\xampp\htdocs\autoservis\system\CodeIgniter.php(936): App\Controllers\HlavniStrana->vypisOprav('2')
#6 C:\xampp\htdocs\autoservis\system\CodeIgniter.php(432): CodeIgniter\CodeIgniter->runController(Object(App\Controllers\HlavniStrana))
#7 C:\xampp\htdocs\autoservis\system\CodeIgniter.php(333): CodeIgniter\CodeIgniter->handleRequest(NULL, Object(Config\Cache), false)
#8 C:\xampp\htdocs\autoservis\public\index.php(44): CodeIgniter\CodeIgniter->run()
#9 {main}
CRITICAL - 2021-04-12 04:39:32 --> Invalid argument supplied for foreach()
#0 C:\xampp\htdocs\autoservis\app\Views\pages\opravy.php(22): CodeIgniter\Debug\Exceptions->errorHandler(2, 'Invalid argumen...', 'C:\\xampp\\htdocs...', 22, Array)
#1 C:\xampp\htdocs\autoservis\system\View\View.php(220): include('C:\\xampp\\htdocs...')
#2 C:\xampp\htdocs\autoservis\system\View\View.php(222): CodeIgniter\View\View->CodeIgniter\View\{closure}()
#3 C:\xampp\htdocs\autoservis\system\Common.php(1217): CodeIgniter\View\View->render('pages/opravy', Array, true)
#4 C:\xampp\htdocs\autoservis\app\Controllers\HlavniStrana.php(111): view('pages/opravy', Array)
#5 C:\xampp\htdocs\autoservis\system\CodeIgniter.php(936): App\Controllers\HlavniStrana->vypisOprav('2')
#6 C:\xampp\htdocs\autoservis\system\CodeIgniter.php(432): CodeIgniter\CodeIgniter->runController(Object(App\Controllers\HlavniStrana))
#7 C:\xampp\htdocs\autoservis\system\CodeIgniter.php(333): CodeIgniter\CodeIgniter->handleRequest(NULL, Object(Config\Cache), false)
#8 C:\xampp\htdocs\autoservis\public\index.php(44): CodeIgniter\CodeIgniter->run()
#9 {main}
CRITICAL - 2021-04-12 04:39:33 --> Invalid argument supplied for foreach()
#0 C:\xampp\htdocs\autoservis\app\Views\pages\opravy.php(22): CodeIgniter\Debug\Exceptions->errorHandler(2, 'Invalid argumen...', 'C:\\xampp\\htdocs...', 22, Array)
#1 C:\xampp\htdocs\autoservis\system\View\View.php(220): include('C:\\xampp\\htdocs...')
#2 C:\xampp\htdocs\autoservis\system\View\View.php(222): CodeIgniter\View\View->CodeIgniter\View\{closure}()
#3 C:\xampp\htdocs\autoservis\system\Common.php(1217): CodeIgniter\View\View->render('pages/opravy', Array, true)
#4 C:\xampp\htdocs\autoservis\app\Controllers\HlavniStrana.php(111): view('pages/opravy', Array)
#5 C:\xampp\htdocs\autoservis\system\CodeIgniter.php(936): App\Controllers\HlavniStrana->vypisOprav('2')
#6 C:\xampp\htdocs\autoservis\system\CodeIgniter.php(432): CodeIgniter\CodeIgniter->runController(Object(App\Controllers\HlavniStrana))
#7 C:\xampp\htdocs\autoservis\system\CodeIgniter.php(333): CodeIgniter\CodeIgniter->handleRequest(NULL, Object(Config\Cache), false)
#8 C:\xampp\htdocs\autoservis\public\index.php(44): CodeIgniter\CodeIgniter->run()
#9 {main}
CRITICAL - 2021-04-12 04:39:51 --> Cannot use object of type mysqli as array
#0 C:\xampp\htdocs\autoservis\system\View\View.php(220): include()
#1 C:\xampp\htdocs\autoservis\system\View\View.php(222): CodeIgniter\View\View->CodeIgniter\View\{closure}()
#2 C:\xampp\htdocs\autoservis\system\Common.php(1217): CodeIgniter\View\View->render('pages/opravy', Array, true)
#3 C:\xampp\htdocs\autoservis\app\Controllers\HlavniStrana.php(111): view('pages/opravy', Array)
#4 C:\xampp\htdocs\autoservis\system\CodeIgniter.php(936): App\Controllers\HlavniStrana->vypisOprav('2')
#5 C:\xampp\htdocs\autoservis\system\CodeIgniter.php(432): CodeIgniter\CodeIgniter->runController(Object(App\Controllers\HlavniStrana))
#6 C:\xampp\htdocs\autoservis\system\CodeIgniter.php(333): CodeIgniter\CodeIgniter->handleRequest(NULL, Object(Config\Cache), false)
#7 C:\xampp\htdocs\autoservis\public\index.php(44): CodeIgniter\CodeIgniter->run()
#8 {main}
CRITICAL - 2021-04-12 04:40:08 --> Cannot use object of type mysqli as array
#0 C:\xampp\htdocs\autoservis\system\View\View.php(220): include()
#1 C:\xampp\htdocs\autoservis\system\View\View.php(222): CodeIgniter\View\View->CodeIgniter\View\{closure}()
#2 C:\xampp\htdocs\autoservis\system\Common.php(1217): CodeIgniter\View\View->render('pages/opravy', Array, true)
#3 C:\xampp\htdocs\autoservis\app\Controllers\HlavniStrana.php(111): view('pages/opravy', Array)
#4 C:\xampp\htdocs\autoservis\system\CodeIgniter.php(936): App\Controllers\HlavniStrana->vypisOprav('2')
#5 C:\xampp\htdocs\autoservis\system\CodeIgniter.php(432): CodeIgniter\CodeIgniter->runController(Object(App\Controllers\HlavniStrana))
#6 C:\xampp\htdocs\autoservis\system\CodeIgniter.php(333): CodeIgniter\CodeIgniter->handleRequest(NULL, Object(Config\Cache), false)
#7 C:\xampp\htdocs\autoservis\public\index.php(44): CodeIgniter\CodeIgniter->run()
#8 {main}
CRITICAL - 2021-04-12 04:40:08 --> Cannot use object of type mysqli as array
#0 C:\xampp\htdocs\autoservis\system\View\View.php(220): include()
#1 C:\xampp\htdocs\autoservis\system\View\View.php(222): CodeIgniter\View\View->CodeIgniter\View\{closure}()
#2 C:\xampp\htdocs\autoservis\system\Common.php(1217): CodeIgniter\View\View->render('pages/opravy', Array, true)
#3 C:\xampp\htdocs\autoservis\app\Controllers\HlavniStrana.php(111): view('pages/opravy', Array)
#4 C:\xampp\htdocs\autoservis\system\CodeIgniter.php(936): App\Controllers\HlavniStrana->vypisOprav('2')
#5 C:\xampp\htdocs\autoservis\system\CodeIgniter.php(432): CodeIgniter\CodeIgniter->runController(Object(App\Controllers\HlavniStrana))
#6 C:\xampp\htdocs\autoservis\system\CodeIgniter.php(333): CodeIgniter\CodeIgniter->handleRequest(NULL, Object(Config\Cache), false)
#7 C:\xampp\htdocs\autoservis\public\index.php(44): CodeIgniter\CodeIgniter->run()
#8 {main}
CRITICAL - 2021-04-12 04:40:09 --> Cannot use object of type mysqli as array
#0 C:\xampp\htdocs\autoservis\system\View\View.php(220): include()
#1 C:\xampp\htdocs\autoservis\system\View\View.php(222): CodeIgniter\View\View->CodeIgniter\View\{closure}()
#2 C:\xampp\htdocs\autoservis\system\Common.php(1217): CodeIgniter\View\View->render('pages/opravy', Array, true)
#3 C:\xampp\htdocs\autoservis\app\Controllers\HlavniStrana.php(111): view('pages/opravy', Array)
#4 C:\xampp\htdocs\autoservis\system\CodeIgniter.php(936): App\Controllers\HlavniStrana->vypisOprav('2')
#5 C:\xampp\htdocs\autoservis\system\CodeIgniter.php(432): CodeIgniter\CodeIgniter->runController(Object(App\Controllers\HlavniStrana))
#6 C:\xampp\htdocs\autoservis\system\CodeIgniter.php(333): CodeIgniter\CodeIgniter->handleRequest(NULL, Object(Config\Cache), false)
#7 C:\xampp\htdocs\autoservis\public\index.php(44): CodeIgniter\CodeIgniter->run()
#8 {main}
CRITICAL - 2021-04-12 04:40:09 --> Cannot use object of type mysqli as array
#0 C:\xampp\htdocs\autoservis\system\View\View.php(220): include()
#1 C:\xampp\htdocs\autoservis\system\View\View.php(222): CodeIgniter\View\View->CodeIgniter\View\{closure}()
#2 C:\xampp\htdocs\autoservis\system\Common.php(1217): CodeIgniter\View\View->render('pages/opravy', Array, true)
#3 C:\xampp\htdocs\autoservis\app\Controllers\HlavniStrana.php(111): view('pages/opravy', Array)
#4 C:\xampp\htdocs\autoservis\system\CodeIgniter.php(936): App\Controllers\HlavniStrana->vypisOprav('2')
#5 C:\xampp\htdocs\autoservis\system\CodeIgniter.php(432): CodeIgniter\CodeIgniter->runController(Object(App\Controllers\HlavniStrana))
#6 C:\xampp\htdocs\autoservis\system\CodeIgniter.php(333): CodeIgniter\CodeIgniter->handleRequest(NULL, Object(Config\Cache), false)
#7 C:\xampp\htdocs\autoservis\public\index.php(44): CodeIgniter\CodeIgniter->run()
#8 {main}
CRITICAL - 2021-04-12 04:40:09 --> Cannot use object of type mysqli as array
#0 C:\xampp\htdocs\autoservis\system\View\View.php(220): include()
#1 C:\xampp\htdocs\autoservis\system\View\View.php(222): CodeIgniter\View\View->CodeIgniter\View\{closure}()
#2 C:\xampp\htdocs\autoservis\system\Common.php(1217): CodeIgniter\View\View->render('pages/opravy', Array, true)
#3 C:\xampp\htdocs\autoservis\app\Controllers\HlavniStrana.php(111): view('pages/opravy', Array)
#4 C:\xampp\htdocs\autoservis\system\CodeIgniter.php(936): App\Controllers\HlavniStrana->vypisOprav('2')
#5 C:\xampp\htdocs\autoservis\system\CodeIgniter.php(432): CodeIgniter\CodeIgniter->runController(Object(App\Controllers\HlavniStrana))
#6 C:\xampp\htdocs\autoservis\system\CodeIgniter.php(333): CodeIgniter\CodeIgniter->handleRequest(NULL, Object(Config\Cache), false)
#7 C:\xampp\htdocs\autoservis\public\index.php(44): CodeIgniter\CodeIgniter->run()
#8 {main}
CRITICAL - 2021-04-12 04:40:46 --> Invalid argument supplied for foreach()
#0 C:\xampp\htdocs\autoservis\app\Views\pages\opravy.php(22): CodeIgniter\Debug\Exceptions->errorHandler(2, 'Invalid argumen...', 'C:\\xampp\\htdocs...', 22, Array)
#1 C:\xampp\htdocs\autoservis\system\View\View.php(220): include('C:\\xampp\\htdocs...')
#2 C:\xampp\htdocs\autoservis\system\View\View.php(222): CodeIgniter\View\View->CodeIgniter\View\{closure}()
#3 C:\xampp\htdocs\autoservis\system\Common.php(1217): CodeIgniter\View\View->render('pages/opravy', Array, true)
#4 C:\xampp\htdocs\autoservis\app\Controllers\HlavniStrana.php(111): view('pages/opravy', Array)
#5 C:\xampp\htdocs\autoservis\system\CodeIgniter.php(936): App\Controllers\HlavniStrana->vypisOprav('2')
#6 C:\xampp\htdocs\autoservis\system\CodeIgniter.php(432): CodeIgniter\CodeIgniter->runController(Object(App\Controllers\HlavniStrana))
#7 C:\xampp\htdocs\autoservis\system\CodeIgniter.php(333): CodeIgniter\CodeIgniter->handleRequest(NULL, Object(Config\Cache), false)
#8 C:\xampp\htdocs\autoservis\public\index.php(44): CodeIgniter\CodeIgniter->run()
#9 {main}
CRITICAL - 2021-04-12 04:40:48 --> Invalid argument supplied for foreach()
#0 C:\xampp\htdocs\autoservis\app\Views\pages\opravy.php(22): CodeIgniter\Debug\Exceptions->errorHandler(2, 'Invalid argumen...', 'C:\\xampp\\htdocs...', 22, Array)
#1 C:\xampp\htdocs\autoservis\system\View\View.php(220): include('C:\\xampp\\htdocs...')
#2 C:\xampp\htdocs\autoservis\system\View\View.php(222): CodeIgniter\View\View->CodeIgniter\View\{closure}()
#3 C:\xampp\htdocs\autoservis\system\Common.php(1217): CodeIgniter\View\View->render('pages/opravy', Array, true)
#4 C:\xampp\htdocs\autoservis\app\Controllers\HlavniStrana.php(111): view('pages/opravy', Array)
#5 C:\xampp\htdocs\autoservis\system\CodeIgniter.php(936): App\Controllers\HlavniStrana->vypisOprav('2')
#6 C:\xampp\htdocs\autoservis\system\CodeIgniter.php(432): CodeIgniter\CodeIgniter->runController(Object(App\Controllers\HlavniStrana))
#7 C:\xampp\htdocs\autoservis\system\CodeIgniter.php(333): CodeIgniter\CodeIgniter->handleRequest(NULL, Object(Config\Cache), false)
#8 C:\xampp\htdocs\autoservis\public\index.php(44): CodeIgniter\CodeIgniter->run()
#9 {main}
CRITICAL - 2021-04-12 04:40:55 --> Cannot use object of type mysqli as array
#0 C:\xampp\htdocs\autoservis\system\View\View.php(220): include()
#1 C:\xampp\htdocs\autoservis\system\View\View.php(222): CodeIgniter\View\View->CodeIgniter\View\{closure}()
#2 C:\xampp\htdocs\autoservis\system\Common.php(1217): CodeIgniter\View\View->render('pages/opravy', Array, true)
#3 C:\xampp\htdocs\autoservis\app\Controllers\HlavniStrana.php(111): view('pages/opravy', Array)
#4 C:\xampp\htdocs\autoservis\system\CodeIgniter.php(936): App\Controllers\HlavniStrana->vypisOprav('2')
#5 C:\xampp\htdocs\autoservis\system\CodeIgniter.php(432): CodeIgniter\CodeIgniter->runController(Object(App\Controllers\HlavniStrana))
#6 C:\xampp\htdocs\autoservis\system\CodeIgniter.php(333): CodeIgniter\CodeIgniter->handleRequest(NULL, Object(Config\Cache), false)
#7 C:\xampp\htdocs\autoservis\public\index.php(44): CodeIgniter\CodeIgniter->run()
#8 {main}
CRITICAL - 2021-04-12 04:53:47 --> Too few arguments to function App\Models\Model_query::__construct(), 0 passed in C:\xampp\htdocs\autoservis\app\Controllers\HlavniStrana.php on line 106 and exactly 1 expected
#0 C:\xampp\htdocs\autoservis\app\Controllers\HlavniStrana.php(106): App\Models\Model_query->__construct()
#1 C:\xampp\htdocs\autoservis\system\CodeIgniter.php(936): App\Controllers\HlavniStrana->vypisOprav('2')
#2 C:\xampp\htdocs\autoservis\system\CodeIgniter.php(432): CodeIgniter\CodeIgniter->runController(Object(App\Controllers\HlavniStrana))
#3 C:\xampp\htdocs\autoservis\system\CodeIgniter.php(333): CodeIgniter\CodeIgniter->handleRequest(NULL, Object(Config\Cache), false)
#4 C:\xampp\htdocs\autoservis\public\index.php(44): CodeIgniter\CodeIgniter->run()
#5 {main}
CRITICAL - 2021-04-12 04:53:51 --> Too few arguments to function App\Models\Model_query::__construct(), 0 passed in C:\xampp\htdocs\autoservis\app\Controllers\HlavniStrana.php on line 106 and exactly 1 expected
#0 C:\xampp\htdocs\autoservis\app\Controllers\HlavniStrana.php(106): App\Models\Model_query->__construct()
#1 C:\xampp\htdocs\autoservis\system\CodeIgniter.php(936): App\Controllers\HlavniStrana->vypisOprav('2')
#2 C:\xampp\htdocs\autoservis\system\CodeIgniter.php(432): CodeIgniter\CodeIgniter->runController(Object(App\Controllers\HlavniStrana))
#3 C:\xampp\htdocs\autoservis\system\CodeIgniter.php(333): CodeIgniter\CodeIgniter->handleRequest(NULL, Object(Config\Cache), false)
#4 C:\xampp\htdocs\autoservis\public\index.php(44): CodeIgniter\CodeIgniter->run()
#5 {main}
CRITICAL - 2021-04-12 04:54:27 --> Undefined variable: auto
#0 C:\xampp\htdocs\autoservis\app\Models\Model_query.php(13): CodeIgniter\Debug\Exceptions->errorHandler(8, 'Undefined varia...', 'C:\\xampp\\htdocs...', 13, Array)
#1 C:\xampp\htdocs\autoservis\app\Controllers\HlavniStrana.php(108): App\Models\Model_query->opravy('2')
#2 C:\xampp\htdocs\autoservis\system\CodeIgniter.php(936): App\Controllers\HlavniStrana->vypisOprav('2')
#3 C:\xampp\htdocs\autoservis\system\CodeIgniter.php(432): CodeIgniter\CodeIgniter->runController(Object(App\Controllers\HlavniStrana))
#4 C:\xampp\htdocs\autoservis\system\CodeIgniter.php(333): CodeIgniter\CodeIgniter->handleRequest(NULL, Object(Config\Cache), false)
#5 C:\xampp\htdocs\autoservis\public\index.php(44): CodeIgniter\CodeIgniter->run()
#6 {main}
CRITICAL - 2021-04-12 04:54:27 --> Undefined variable: auto
#0 C:\xampp\htdocs\autoservis\app\Models\Model_query.php(13): CodeIgniter\Debug\Exceptions->errorHandler(8, 'Undefined varia...', 'C:\\xampp\\htdocs...', 13, Array)
#1 C:\xampp\htdocs\autoservis\app\Controllers\HlavniStrana.php(108): App\Models\Model_query->opravy('2')
#2 C:\xampp\htdocs\autoservis\system\CodeIgniter.php(936): App\Controllers\HlavniStrana->vypisOprav('2')
#3 C:\xampp\htdocs\autoservis\system\CodeIgniter.php(432): CodeIgniter\CodeIgniter->runController(Object(App\Controllers\HlavniStrana))
#4 C:\xampp\htdocs\autoservis\system\CodeIgniter.php(333): CodeIgniter\CodeIgniter->handleRequest(NULL, Object(Config\Cache), false)
#5 C:\xampp\htdocs\autoservis\public\index.php(44): CodeIgniter\CodeIgniter->run()
#6 {main}
CRITICAL - 2021-04-12 04:54:28 --> Undefined variable: auto
#0 C:\xampp\htdocs\autoservis\app\Models\Model_query.php(13): CodeIgniter\Debug\Exceptions->errorHandler(8, 'Undefined varia...', 'C:\\xampp\\htdocs...', 13, Array)
#1 C:\xampp\htdocs\autoservis\app\Controllers\HlavniStrana.php(108): App\Models\Model_query->opravy('2')
#2 C:\xampp\htdocs\autoservis\system\CodeIgniter.php(936): App\Controllers\HlavniStrana->vypisOprav('2')
#3 C:\xampp\htdocs\autoservis\system\CodeIgniter.php(432): CodeIgniter\CodeIgniter->runController(Object(App\Controllers\HlavniStrana))
#4 C:\xampp\htdocs\autoservis\system\CodeIgniter.php(333): CodeIgniter\CodeIgniter->handleRequest(NULL, Object(Config\Cache), false)
#5 C:\xampp\htdocs\autoservis\public\index.php(44): CodeIgniter\CodeIgniter->run()
#6 {main}
CRITICAL - 2021-04-12 04:54:34 --> Invalid argument supplied for foreach()
#0 C:\xampp\htdocs\autoservis\app\Views\pages\opravy.php(22): CodeIgniter\Debug\Exceptions->errorHandler(2, 'Invalid argumen...', 'C:\\xampp\\htdocs...', 22, Array)
#1 C:\xampp\htdocs\autoservis\system\View\View.php(220): include('C:\\xampp\\htdocs...')
#2 C:\xampp\htdocs\autoservis\system\View\View.php(222): CodeIgniter\View\View->CodeIgniter\View\{closure}()
#3 C:\xampp\htdocs\autoservis\system\Common.php(1217): CodeIgniter\View\View->render('pages/opravy', Array, true)
#4 C:\xampp\htdocs\autoservis\app\Controllers\HlavniStrana.php(111): view('pages/opravy', Array)
#5 C:\xampp\htdocs\autoservis\system\CodeIgniter.php(936): App\Controllers\HlavniStrana->vypisOprav('2')
#6 C:\xampp\htdocs\autoservis\system\CodeIgniter.php(432): CodeIgniter\CodeIgniter->runController(Object(App\Controllers\HlavniStrana))
#7 C:\xampp\htdocs\autoservis\system\CodeIgniter.php(333): CodeIgniter\CodeIgniter->handleRequest(NULL, Object(Config\Cache), false)
#8 C:\xampp\htdocs\autoservis\public\index.php(44): CodeIgniter\CodeIgniter->run()
#9 {main}
CRITICAL - 2021-04-12 04:54:48 --> Cannot use object of type mysqli as array
#0 C:\xampp\htdocs\autoservis\system\View\View.php(220): include()
#1 C:\xampp\htdocs\autoservis\system\View\View.php(222): CodeIgniter\View\View->CodeIgniter\View\{closure}()
#2 C:\xampp\htdocs\autoservis\system\Common.php(1217): CodeIgniter\View\View->render('pages/opravy', Array, true)
#3 C:\xampp\htdocs\autoservis\app\Controllers\HlavniStrana.php(111): view('pages/opravy', Array)
#4 C:\xampp\htdocs\autoservis\system\CodeIgniter.php(936): App\Controllers\HlavniStrana->vypisOprav('2')
#5 C:\xampp\htdocs\autoservis\system\CodeIgniter.php(432): CodeIgniter\CodeIgniter->runController(Object(App\Controllers\HlavniStrana))
#6 C:\xampp\htdocs\autoservis\system\CodeIgniter.php(333): CodeIgniter\CodeIgniter->handleRequest(NULL, Object(Config\Cache), false)
#7 C:\xampp\htdocs\autoservis\public\index.php(44): CodeIgniter\CodeIgniter->run()
#8 {main}
CRITICAL - 2021-04-12 04:57:33 --> Cannot use object of type mysqli as array
#0 C:\xampp\htdocs\autoservis\system\View\View.php(220): include()
#1 C:\xampp\htdocs\autoservis\system\View\View.php(222): CodeIgniter\View\View->CodeIgniter\View\{closure}()
#2 C:\xampp\htdocs\autoservis\system\Common.php(1217): CodeIgniter\View\View->render('pages/opravy', Array, true)
#3 C:\xampp\htdocs\autoservis\app\Controllers\HlavniStrana.php(111): view('pages/opravy', Array)
#4 C:\xampp\htdocs\autoservis\system\CodeIgniter.php(936): App\Controllers\HlavniStrana->vypisOprav('2')
#5 C:\xampp\htdocs\autoservis\system\CodeIgniter.php(432): CodeIgniter\CodeIgniter->runController(Object(App\Controllers\HlavniStrana))
#6 C:\xampp\htdocs\autoservis\system\CodeIgniter.php(333): CodeIgniter\CodeIgniter->handleRequest(NULL, Object(Config\Cache), false)
#7 C:\xampp\htdocs\autoservis\public\index.php(44): CodeIgniter\CodeIgniter->run()
#8 {main}
